#
# A fatal error has been detected by the Java Runtime Environment:
#
#  Internal Error (classFileParser.cpp:3375), pid=6908, tid=1496
#  Error: ShouldNotReachHere()
#
# JRE version: 6.0_24-b07
# Java VM: Java HotSpot(TM) Client VM (19.1-b02 mixed mode windows-x86 )
# If you would like to submit a bug report, please visit:
#   http://java.sun.com/webapps/bugreport/crash.jsp
#

---------------  T H R E A D  ---------------

Current thread (0x00539c00):  JavaThread "Unknown thread" [_thread_in_vm, id=1496, stack(0x002e0000,0x00330000)]

Stack: [0x002e0000,0x00330000],  sp=0x0032f87c,  free space=318k
Native frames: (J=compiled Java code, j=interpreted, Vv=VM code, C=native code)
V  [jvm.dll+0x1fa487]
V  [jvm.dll+0xa337b]
V  [jvm.dll+0x747c8]
V  [jvm.dll+0x75fef]
V  [jvm.dll+0x1c9fc5]
V  [jvm.dll+0x1ca826]
V  [jvm.dll+0x1cabd5]
V  [jvm.dll+0x1cac69]
V  [jvm.dll+0x1cad2c]
V  [jvm.dll+0x1cadaa]
V  [jvm.dll+0x1cae8d]
V  [jvm.dll+0x1cb132]
V  [jvm.dll+0x1ea453]
V  [jvm.dll+0x1ea82c]
V  [jvm.dll+0xd9b4c]
V  [jvm.dll+0x1e3b96]
V  [jvm.dll+0x1033b0]
C  [javaw.exe+0x1657]
C  [javaw.exe+0x1e2c]
C  [javaw.exe+0x8614]
C  [kernel32.dll+0x1336a]
C  [ntdll.dll+0x39f72]
C  [ntdll.dll+0x39f45]


---------------  P R O C E S S  ---------------

Java Threads: ( => current thread )

Other Threads:

=>0x00539c00 (exited) JavaThread "Unknown thread" [_thread_in_vm, id=1496, stack(0x002e0000,0x00330000)]

VM state:not at safepoint (not fully initialized)

VM Mutex/Monitor currently owned by a thread: None

Dynamic libraries:
0x00400000 - 0x00424000 	C:\eclipse\eclipse\jre\bin\javaw.exe
0x77c30000 - 0x77db0000 	C:\Windows\SysWOW64\ntdll.dll
0x766a0000 - 0x767b0000 	C:\Windows\syswow64\kernel32.dll
0x761b0000 - 0x761f7000 	C:\Windows\syswow64\KERNELBASE.dll
0x75bf0000 - 0x75c90000 	C:\Windows\syswow64\ADVAPI32.dll
0x769b0000 - 0x76a5c000 	C:\Windows\syswow64\msvcrt.dll
0x76430000 - 0x76449000 	C:\Windows\SysWOW64\sechost.dll
0x75d40000 - 0x75e30000 	C:\Windows\syswow64\RPCRT4.dll
0x75680000 - 0x756e0000 	C:\Windows\syswow64\SspiCli.dll
0x75670000 - 0x7567c000 	C:\Windows\syswow64\CRYPTBASE.dll
0x75f10000 - 0x76010000 	C:\Windows\syswow64\USER32.dll
0x76390000 - 0x76420000 	C:\Windows\syswow64\GDI32.dll
0x76200000 - 0x7620a000 	C:\Windows\syswow64\LPK.dll
0x76ac0000 - 0x76b5d000 	C:\Windows\syswow64\USP10.dll
0x71620000 - 0x7166c000 	C:\Windows\system32\apphelp.dll
0x74f40000 - 0x74fcd000 	C:\Windows\AppPatch\AcLayers.DLL
0x76b60000 - 0x777aa000 	C:\Windows\syswow64\SHELL32.dll
0x76a60000 - 0x76ab7000 	C:\Windows\syswow64\SHLWAPI.dll
0x76050000 - 0x761ac000 	C:\Windows\syswow64\ole32.dll
0x75e30000 - 0x75ebf000 	C:\Windows\syswow64\OLEAUT32.dll
0x73640000 - 0x73657000 	C:\Windows\system32\USERENV.dll
0x736a0000 - 0x736ab000 	C:\Windows\system32\profapi.dll
0x75540000 - 0x75591000 	C:\Windows\system32\WINSPOOL.DRV
0x70300000 - 0x70312000 	C:\Windows\system32\MPR.dll
0x75ca0000 - 0x75d00000 	C:\Windows\system32\IMM32.DLL
0x75a90000 - 0x75b5c000 	C:\Windows\syswow64\MSCTF.dll
0x7c340000 - 0x7c396000 	C:\eclipse\eclipse\jre\bin\msvcr71.dll
0x6d8a0000 - 0x6db46000 	C:\eclipse\eclipse\jre\bin\client\jvm.dll
0x75480000 - 0x754b2000 	C:\Windows\system32\WINMM.dll
0x6d850000 - 0x6d85c000 	C:\eclipse\eclipse\jre\bin\verify.dll
0x6d3d0000 - 0x6d3ef000 	C:\eclipse\eclipse\jre\bin\java.dll
0x6d330000 - 0x6d338000 	C:\eclipse\eclipse\jre\bin\hpi.dll
0x76010000 - 0x76015000 	C:\Windows\syswow64\PSAPI.DLL
0x6d420000 - 0x6d449000 	C:\eclipse\eclipse\jre\bin\jdwp.dll
0x6d740000 - 0x6d746000 	C:\eclipse\eclipse\jre\bin\npt.dll
0x6d890000 - 0x6d89f000 	C:\eclipse\eclipse\jre\bin\zip.dll

VM Arguments:
jvm_args: -agentlib:jdwp=transport=dt_socket,suspend=y,address=localhost:49521 -Dvce.launchers=org.eclipse.ve.internal.java.vce.launcher.remotevm.JFCLauncher -Dvce.launcher.class=android.application.catquest.activity.LoginActivity -Dappletparmsnumber=0 -Dfile.encoding=UTF-8 -Xbootclasspath:C:\eclipse\Android\Android SDK\android-sdk-windows\platforms\android-17\android.jar 
java_command: org.eclipse.ve.internal.java.vce.launcher.remotevm.JavaBeansLauncher
Launcher Type: SUN_STANDARD

Environment Variables:
JAVA_HOME=C:\Program Files\Java\jdk1.7.0_21
PATH=C:\eclipse\eclipse\jre\bin;C:/eclipse/eclipse/jre/bin/client;C:/eclipse/eclipse/jre/bin;C:/eclipse/eclipse/jre/lib/i386;C:\Program Files (x86)\Intel\iCLS Client\;C:\Program Files\Intel\iCLS Client\;C:\Program Files\Common Files\Microsoft Shared\Windows Live;C:\Program Files (x86)\Common Files\Microsoft Shared\Windows Live;C:\Windows\system32;C:\Windows;C:\Windows\System32\Wbem;C:\Windows\System32\WindowsPowerShell\v1.0\;C:\Program Files (x86)\Windows Live\Shared;C:\Program Files (x86)\EgisTec MyWinLocker\x64;C:\Program Files (x86)\EgisTec MyWinLocker\;C:\Program Files (x86)\Intel\OpenCL SDK\1.5\bin\x86;C:\Program Files (x86)\Intel\OpenCL SDK\1.5\bin\x64;C:\Program Files\Intel\Intel(R) Management Engine Components\DAL;C:\Program Files\Intel\Intel(R) Management Engine Components\IPT;C:\Program Files (x86)\Intel\Intel(R) Management Engine Components\DAL;C:\Program Files (x86)\Intel\Intel(R) Management Engine Components\IPT;C:\Program Files (x86)\Microsoft SQL Server\100\Tools\Binn\;C:\Program Files\Microsoft SQL Server\100\Tools\Binn\;C:\Program Files\Microsoft SQL Server\100\DTS\Binn\;C:\eclipse\Android\Android SDK\android-sdk-windows;C:\eclipse\Android\Android SDK\android-sdk-windows\platform-tools;C:\eclipse\eclipse;
USERNAME=Owner
OS=Windows_NT
PROCESSOR_IDENTIFIER=Intel64 Family 6 Model 58 Stepping 9, GenuineIntel



---------------  S Y S T E M  ---------------

OS: Windows 7 Build 7601 Service Pack 1

CPU:total 8 (4 cores per cpu, 2 threads per core) family 6 model 58 stepping 9, cmov, cx8, fxsr, mmx, sse, sse2, sse3, ssse3, sse4.1, sse4.2, popcnt, ht

Memory: 4k page, physical 8266332k(5245152k free), swap 16530804k(13268484k free)

vm_info: Java HotSpot(TM) Client VM (19.1-b02) for windows-x86 JRE (1.6.0_24-b07), built on Feb  2 2011 17:44:41 by "java_re" with MS VC++ 7.1 (VS2003)

time: Sun Sep 15 23:16:08 2013
elapsed time: 0 seconds

